<?xml version="1.0" encoding="UTF-8"?>
<testng-results ignored="0" total="1" passed="1" failed="0" skipped="0">
  <reporter-output>
  </reporter-output>
  <suite started-at="2024-08-16T16:01:59 BST" name="Default suite" finished-at="2024-08-16T16:02:03 BST" duration-ms="3980">
    <groups>
    </groups>
    <test started-at="2024-08-16T16:01:59 BST" name="Default test" finished-at="2024-08-16T16:02:03 BST" duration-ms="3980">
      <class name="Seleniumcode.InputTest">
        <test-method is-config="true" signature="setUp()[pri:0, instance:Seleniumcode.InputTest@1da2cb77]" started-at="2024-08-16T16:01:59 BST" name="setUp" finished-at="2024-08-16T16:02:03 BST" duration-ms="3465" status="PASS">
          <reporter-output>
          </reporter-output>
        </test-method> <!-- setUp -->
        <test-method signature="test()[pri:0, instance:Seleniumcode.InputTest@1da2cb77]" started-at="2024-08-16T16:02:03 BST" name="test" finished-at="2024-08-16T16:02:03 BST" duration-ms="467" status="PASS">
          <reporter-output>
          </reporter-output>
        </test-method> <!-- test -->
      </class> <!-- Seleniumcode.InputTest -->
    </test> <!-- Default test -->
  </suite> <!-- Default suite -->
</testng-results>
